Crashlog created at 2013-02-23 17:24:13 +0100

===== MESSAGE:

Errno::EISDIR: Is a directory - output/assets/scripts/lib/require/

===== COMPILATION STACK:

  - [item]   /assets/scripts/lib/require/ (rep default)

===== STACK TRACE:

  0. /usr/local/rvm/gems/ruby-1.9.3-p327@awesootup/gems/nanoc-3.5.0/lib/nanoc/base/result_data/item_rep.rb:147:in `initialize'
  1. /usr/local/rvm/gems/ruby-1.9.3-p327@awesootup/gems/nanoc-3.5.0/lib/nanoc/base/result_data/item_rep.rb:147:in `open'
  2. /usr/local/rvm/gems/ruby-1.9.3-p327@awesootup/gems/nanoc-3.5.0/lib/nanoc/base/result_data/item_rep.rb:147:in `write'
  3. /usr/local/rvm/gems/ruby-1.9.3-p327@awesootup/gems/nanoc-3.5.0/lib/nanoc/base/result_data/item_rep.rb:424:in `snapshot'
  4. /usr/local/rvm/gems/ruby-1.9.3-p327@awesootup/gems/nanoc-3.5.0/lib/nanoc/base/compilation/compiler.rb:385:in `compile_rep'
  5. /usr/local/rvm/gems/ruby-1.9.3-p327@awesootup/gems/nanoc-3.5.0/lib/nanoc/base/compilation/compiler.rb:339:in `block in compile_reps'
  6. /usr/local/rvm/gems/ruby-1.9.3-p327@awesootup/gems/nanoc-3.5.0/lib/nanoc/base/compilation/compiler.rb:332:in `loop'
  7. /usr/local/rvm/gems/ruby-1.9.3-p327@awesootup/gems/nanoc-3.5.0/lib/nanoc/base/compilation/compiler.rb:332:in `compile_reps'
  8. /usr/local/rvm/gems/ruby-1.9.3-p327@awesootup/gems/nanoc-3.5.0/lib/nanoc/base/compilation/compiler.rb:89:in `run'
  9. /usr/local/rvm/gems/ruby-1.9.3-p327@awesootup/gems/nanoc-3.5.0/lib/nanoc/base/source_data/site.rb:58:in `compile'
  10. /usr/local/rvm/gems/ruby-1.9.3-p327@awesootup/gems/nanoc-3.5.0/lib/nanoc/cli/commands/compile.rb:325:in `run'
  11. /usr/local/rvm/gems/ruby-1.9.3-p327@awesootup/gems/nanoc-3.5.0/lib/nanoc/cli/command_runner.rb:14:in `block in call'
  12. /usr/local/rvm/gems/ruby-1.9.3-p327@awesootup/gems/nanoc-3.5.0/lib/nanoc/cli/error_handler.rb:70:in `handle_while'
  13. /usr/local/rvm/gems/ruby-1.9.3-p327@awesootup/gems/nanoc-3.5.0/lib/nanoc/cli/error_handler.rb:26:in `handle_while'
  14. /usr/local/rvm/gems/ruby-1.9.3-p327@awesootup/gems/nanoc-3.5.0/lib/nanoc/cli/command_runner.rb:13:in `call'
  15. /usr/local/rvm/gems/ruby-1.9.3-p327@awesootup/gems/cri-2.3.0/lib/cri/command_dsl.rb:185:in `block in runner'
  16. /usr/local/rvm/gems/ruby-1.9.3-p327@awesootup/gems/cri-2.3.0/lib/cri/command.rb:296:in `call'
  17. /usr/local/rvm/gems/ruby-1.9.3-p327@awesootup/gems/cri-2.3.0/lib/cri/command.rb:296:in `run_this'
  18. /usr/local/rvm/gems/ruby-1.9.3-p327@awesootup/gems/cri-2.3.0/lib/cri/command.rb:249:in `run'
  19. /usr/local/rvm/gems/ruby-1.9.3-p327@awesootup/gems/nanoc-3.5.0/lib/nanoc/cli/commands/nanoc.rb:39:in `block in define'
  20. /usr/local/rvm/gems/ruby-1.9.3-p327@awesootup/gems/cri-2.3.0/lib/cri/command.rb:296:in `call'
  21. /usr/local/rvm/gems/ruby-1.9.3-p327@awesootup/gems/cri-2.3.0/lib/cri/command.rb:296:in `run_this'
  22. /usr/local/rvm/gems/ruby-1.9.3-p327@awesootup/gems/cri-2.3.0/lib/cri/command.rb:249:in `run'
  23. /usr/local/rvm/gems/ruby-1.9.3-p327@awesootup/gems/nanoc-3.5.0/lib/nanoc/cli.rb:52:in `block in run'
  24. /usr/local/rvm/gems/ruby-1.9.3-p327@awesootup/gems/nanoc-3.5.0/lib/nanoc/cli/error_handler.rb:70:in `handle_while'
  25. /usr/local/rvm/gems/ruby-1.9.3-p327@awesootup/gems/nanoc-3.5.0/lib/nanoc/cli/error_handler.rb:26:in `handle_while'
  26. /usr/local/rvm/gems/ruby-1.9.3-p327@awesootup/gems/nanoc-3.5.0/lib/nanoc/cli.rb:50:in `run'
  27. /usr/local/rvm/gems/ruby-1.9.3-p327@awesootup/gems/nanoc-3.5.0/bin/nanoc:19:in `<top (required)>'
  28. /usr/local/rvm/gems/ruby-1.9.3-p327@awesootup/bin/nanoc:23:in `load'
  ... 31 more lines omitted. See full crash log for details.

===== VERSION INFORMATION:

nanoc 3.5.0 © 2007-2013 Denis Defreyne.
Running ruby 1.9.3 (2012-11-10) on x86_64-linux with RubyGems 1.8.24.

===== SYSTEM INFORMATION:

Linux kitty 3.6.11-gentoo #2 SMP Wed Feb 20 12:48:57 CET 2013 x86_64 Intel(R) Core(TM) i7 CPU M 620 @ 2.67GHz GenuineIntel GNU/Linux

===== INSTALLED GEMS:

  adsf 1.1.1
  bundler 1.2.3
  chunky_png 1.2.7
  colored 1.2
  compass 0.12.2
  cri 2.3.0
  ffi 1.4.0
  fssm 0.2.10
  json 1.7.7
  listen 0.7.2
  modular-scale 1.0.6
  nanoc 3.5.0
  nokogiri 1.5.6
  rack 1.5.2
  rake 10.0.3
  rb-inotify 0.8.8
  sass 3.2.6
  sassy-math 1.5
  w3c_validators 1.2
  zurb-foundation 3.2.5

===== ENVIRONMENT:

ADOTDIR => "/home/alem0lars/.antigen"
ANTIGEN_DEFAULT_REPO_URL => "https://github.com/robbyrussell/oh-my-zsh.git"
ANT_HOME => "/usr/share/ant"
BUNDLE_BIN_PATH => "/usr/local/rvm/gems/ruby-1.9.3-p327@global/gems/bundler-1.2.3/bin/bundle"
BUNDLE_GEMFILE => "/usr/local/archive/projects/reference/awesootup/Gemfile"
CDPATH => "."
COLORFGBG => "default;0"
COLORTERM => "rxvt"
CONFIG_PROTECT => "/usr/share/maven-bin-3.0/conf /usr/share/gnupg/qualified.txt"
CONFIG_PROTECT_MASK => "/etc/gentoo-release /etc/sandbox.d /etc/fonts/fonts.conf ${EPREFIX}/etc/gconf /etc/terminfo /etc/ca-certificates.conf /etc/texmf/web2c /etc/texmf/language.dat.d /etc/texmf/language.def.d /etc/texmf/updmap.d /etc/revdep-rebuild /etc/splash"
DBUS_SESSION_BUS_ADDRESS => "unix:abstract=/tmp/dbus-hilF3bbU9t,guid=94e306b47b776ac2acf157825128b285"
DISPLAY => ":0.0"
EDITOR => "/bin/nano"
GCC_SPECS => ""
GDK_USE_XFT => "1"
GEM_HOME => "/usr/local/rvm/gems/ruby-1.9.3-p327@awesootup"
GEM_PATH => "/usr/local/rvm/gems/ruby-1.9.3-p327@awesootup:/usr/local/rvm/gems/ruby-1.9.3-p327@global"
GPG_AGENT_INFO => "/tmp/gpg-tfFFCq/S.gpg-agent:4933:1"
GPG_TTY => "/dev/pts/2"
GREP_COLOR => "1;32"
GREP_OPTIONS => "--color=auto"
GSETTINGS_BACKEND => "gconf"
GUILE_LOAD_PATH => "/usr/share/guile/1.8"
HOME => "/home/alem0lars"
INFOPATH => "/usr/share/info:/usr/share/gcc-data/x86_64-pc-linux-gnu/4.6.3/info:/usr/share/binutils-data/x86_64-pc-linux-gnu/2.22/info"
IRBRC => "/usr/local/rvm/rubies/ruby-1.9.3-p327/.irbrc"
JAVAC => "/home/alem0lars/.gentoo/java-config-2/current-user-vm/bin/javac"
JAVACC_HOME => "/usr/share/javacc/"
JAVA_HOME => "/home/alem0lars/.gentoo/java-config-2/current-user-vm"
JDK_HOME => "/home/alem0lars/.gentoo/java-config-2/current-user-vm"
LANG => "en_US.UTF-8"
LC_COLLATE => "C"
LC_CTYPE => "en_US.UTF-8"
LESS => "-R -M --shift 5"
LESSOPEN => "|lesspipe %s"
LOGNAME => "alem0lars"
LSCOLORS => "Gxfxcxdxbxegedabagacad"
M2_HOME => "/usr/share/maven-bin-3.0"
MAIL => "/var/mail/alem0lars"
MANPATH => "/home/alem0lars/.gentoo/java-config-2/current-user-vm/man:/usr/local/share/man:/usr/share/man:/usr/share/gcc-data/x86_64-pc-linux-gnu/4.6.3/man:/usr/share/binutils-data/x86_64-pc-linux-gnu/2.22/man:/etc/java-config-2/current-system-vm/man/:/usr/share/postgresql/man/:/usr/share/postgresql-9.2/man/"
MULTIOSDIRS => "../lib64:../lib32"
MY_RUBY_HOME => "/usr/local/rvm/rubies/ruby-1.9.3-p327"
OLDPWD => "/usr/local/archive/projects"
OPENGL_PROFILE => "xorg-x11"
PAGER => "less -R"
PATH => "/usr/local/rvm/gems/ruby-1.9.3-p327@awesootup/bin:/usr/local/rvm/gems/ruby-1.9.3-p327@global/bin:/usr/local/rvm/rubies/ruby-1.9.3-p327/bin:/usr/local/rvm/bin:/usr/local/bin:/usr/bin:/bin:/opt/bin:/usr/x86_64-pc-linux-gnu/gcc-bin/4.6.3"
PRELINK_PATH_MASK => "/usr/lib64/klibc:/opt/eagle-5.11.0:/usr/lib64/libfreebl3.so:/usr/lib64/libnssdbm3.so:/usr/lib64/libsoftokn3.so"
PWD => "/usr/local/archive/projects/reference/awesootup"
PYTHONPATH => "/usr/lib/portage/pym"
QT_GRAPHICSSYSTEM => "raster"
RUBYOPT => "-I/usr/local/rvm/gems/ruby-1.9.3-p327@global/gems/bundler-1.2.3/lib -rbundler/setup "
RUBY_VERSION => "ruby-1.9.3-p327"
SHELL => "/bin/zsh"
SHLVL => "3"
SSH_AGENT_PID => "5689"
SSH_AUTH_SOCK => "/tmp/ssh-AXXwJmLr5687/agent.5687"
TERM => "rxvt-256color"
USER => "alem0lars"
VAGRANT_HOME => "/usr/local/archive/vm/vagrant"
VBOX_APP_HOME => "/usr/lib64/virtualbox"
WINDOWID => "48234657"
XAUTHORITY => "/home/alem0lars/.Xauthority"
XDG_CONFIG_DIRS => "/etc/xdg"
XDG_DATA_DIRS => "/usr/local/share:/usr/share"
XDG_SESSION_COOKIE => "9074c21dbfbc46a553ab399b50aca7a6-1361621637.560830-439155124"
XSESSION => "xmonad"
_ => "/usr/local/rvm/gems/ruby-1.9.3-p327@global/bin/bundle"
_ORIGINAL_GEM_PATH => "/usr/local/rvm/gems/ruby-1.9.3-p327@awesootup:/usr/local/rvm/gems/ruby-1.9.3-p327@global"
__array_start => "1"
_first => "1"
_second => "2"
rvm_alias_expanded => ""
rvm_bin_path => "/usr/local/rvm/bin"
rvm_docs_type => ""
rvm_env_string => "ruby-1.9.3-p327@awesootup"
rvm_gemstone_package_file => ""
rvm_gemstone_url => ""
rvm_hook => ""
rvm_niceness => ""
rvm_nightly_flag => ""
rvm_path => "/usr/local/rvm"
rvm_prefix => "/usr/local"
rvm_proxy => ""
rvm_quiet_flag => ""
rvm_ruby_file => ""
rvm_ruby_make => ""
rvm_ruby_make_install => ""
rvm_ruby_mode => ""
rvm_ruby_string => "ruby-1.9.3-p327"
rvm_script_name => ""
rvm_sdk => ""
rvm_silent_flag => ""
rvm_version => "1.17.0 (stable)"
rvm_wrapper_name => ""

===== GEMFILE.LOCK:

GEM
  remote: http://rubygems.org/
  specs:
    adsf (1.1.1)
      rack (>= 1.0.0)
    chunky_png (1.2.7)
    colored (1.2)
    compass (0.12.2)
      chunky_png (~> 1.2)
      fssm (>= 0.2.7)
      sass (~> 3.1)
    cri (2.3.0)
      colored (>= 1.2)
    ffi (1.4.0)
    fssm (0.2.10)
    json (1.7.7)
    listen (0.7.2)
    modular-scale (1.0.6)
      compass (>= 0.12.1)
      sass (>= 3.2.0)
      sassy-math (>= 1.5)
    nanoc (3.5.0)
      cri (~> 2.2)
    nokogiri (1.5.6)
    rack (1.5.2)
    rake (10.0.3)
    rb-inotify (0.8.8)
      ffi (>= 0.5.0)
    sass (3.2.6)
    sassy-math (1.5)
      compass (~> 0.11)
    w3c_validators (1.2)
      json
      nokogiri
    zurb-foundation (3.2.5)
      compass (>= 0.12.2)
      modular-scale (= 1.0.6)
      rake
      sass (>= 3.2.0)

PLATFORMS
  ruby

DEPENDENCIES
  adsf
  listen
  nanoc
  rb-inotify (~> 0.8.8)
  w3c_validators
  zurb-foundation

===== LOAD PATHS:

  0. /usr/local/rvm/gems/ruby-1.9.3-p327@awesootup/gems/nanoc-3.5.0/lib
  1. /usr/local/rvm/gems/ruby-1.9.3-p327@awesootup/gems/zurb-foundation-3.2.5/lib
  2. /usr/local/rvm/gems/ruby-1.9.3-p327@awesootup/gems/w3c_validators-1.2/lib
  3. /usr/local/rvm/gems/ruby-1.9.3-p327@awesootup/gems/rb-inotify-0.8.8/lib
  4. /usr/local/rvm/gems/ruby-1.9.3-p327@awesootup/gems/nokogiri-1.5.6/lib
  5. /usr/local/rvm/gems/ruby-1.9.3-p327@awesootup/gems/nanoc-3.5.0/lib
  6. /usr/local/rvm/gems/ruby-1.9.3-p327@awesootup/gems/modular-scale-1.0.6/lib
  7. /usr/local/rvm/gems/ruby-1.9.3-p327@awesootup/gems/sassy-math-1.5/lib
  8. /usr/local/rvm/gems/ruby-1.9.3-p327@awesootup/gems/listen-0.7.2/lib
  9. /usr/local/rvm/gems/ruby-1.9.3-p327@awesootup/gems/json-1.7.7/lib
  10. /usr/local/rvm/gems/ruby-1.9.3-p327@awesootup/gems/ffi-1.4.0/lib
  11. /usr/local/rvm/gems/ruby-1.9.3-p327@awesootup/gems/ffi-1.4.0/ext/ffi_c
  12. /usr/local/rvm/gems/ruby-1.9.3-p327@awesootup/gems/cri-2.3.0/lib
  13. /usr/local/rvm/gems/ruby-1.9.3-p327@awesootup/gems/compass-0.12.2/lib
  14. /usr/local/rvm/gems/ruby-1.9.3-p327@awesootup/gems/sass-3.2.6/lib
  15. /usr/local/rvm/gems/ruby-1.9.3-p327@awesootup/gems/fssm-0.2.10/lib
  16. /usr/local/rvm/gems/ruby-1.9.3-p327@awesootup/gems/colored-1.2/lib
  17. /usr/local/rvm/gems/ruby-1.9.3-p327@awesootup/gems/chunky_png-1.2.7/lib
  18. /usr/local/rvm/gems/ruby-1.9.3-p327@awesootup/gems/adsf-1.1.1/lib
  19. /usr/local/rvm/gems/ruby-1.9.3-p327@awesootup/gems/rack-1.5.2/lib
  20. /usr/local/rvm/gems/ruby-1.9.3-p327@global/gems/rake-10.0.3/lib
  21. /usr/local/rvm/gems/ruby-1.9.3-p327@global/gems/bundler-1.2.3/lib
  22. /usr/local/rvm/rubies/ruby-1.9.3-p327/lib/ruby/site_ruby/1.9.1
  23. /usr/local/rvm/rubies/ruby-1.9.3-p327/lib/ruby/site_ruby/1.9.1/x86_64-linux
  24. /usr/local/rvm/rubies/ruby-1.9.3-p327/lib/ruby/site_ruby
  25. /usr/local/rvm/rubies/ruby-1.9.3-p327/lib/ruby/vendor_ruby/1.9.1
  26. /usr/local/rvm/rubies/ruby-1.9.3-p327/lib/ruby/vendor_ruby/1.9.1/x86_64-linux
  27. /usr/local/rvm/rubies/ruby-1.9.3-p327/lib/ruby/vendor_ruby
  28. /usr/local/rvm/rubies/ruby-1.9.3-p327/lib/ruby/1.9.1
  29. /usr/local/rvm/rubies/ruby-1.9.3-p327/lib/ruby/1.9.1/x86_64-linux
